Using pre-set license
Built from '2020.3/staging' branch; Version is '2020.3.18f1 (a7d1c678663c) revision 10998214'; Using compiler version '192528614'; Build Type 'Release'
OS: 'Windows 10 Enterprise; OS build 18363.1916; Version 1909; 64bit' Language: 'en' Physical Memory: 15590 MB
BatchMode: 1, IsHumanControllingUs: 0, StartBugReporterOnCrash: 0, Is64bit: 1, IsPro: 0

COMMAND LINE ARGUMENTS:
C:\Program Files\Unity\Hub\Editor\2020.3.18f1\Editor\Unity.exe
-adb2
-batchMode
-noUpm
-name
AssetImportWorker0
-projectPath
D:/study/PhatTrienGame/project/GameDev-Midterm
-logFile
Logs/AssetImportWorker0.log
-srvPort
4595
Successfully changed project path to: D:/study/PhatTrienGame/project/GameDev-Midterm
D:/study/PhatTrienGame/project/GameDev-Midterm
Using Asset Import Pipeline V2.
Unable to join player connection multicast group.
Unable to join player connection alternative multicast group.
Refreshing native plugins compatible for Editor in 46.86 ms, found 3 plugins.
Preloading 0 native plugins for Editor in 0.00 ms.
Initialize engine version: 2020.3.18f1 (a7d1c678663c)
[Subsystems] Discovering subsystems at path C:/Program Files/Unity/Hub/Editor/2020.3.18f1/Editor/Data/Resources/UnitySubsystems
[Subsystems] Discovering subsystems at path D:/study/PhatTrienGame/project/GameDev-Midterm/Assets
GfxDevice: creating device client; threaded=0
Direct3D:
    Version:  Direct3D 11.0 [level 11.1]
    Renderer: Intel(R) UHD Graphics (ID=0x9b41)
    Vendor:   
    VRAM:     7795 MB
    Driver:   27.20.100.9749
Initialize mono
Mono path[0] = 'C:/Program Files/Unity/Hub/Editor/2020.3.18f1/Editor/Data/Managed'
Mono path[1] = 'C:/Program Files/Unity/Hub/Editor/2020.3.18f1/Editor/Data/MonoBleedingEdge/lib/mono/unityjit'
Mono config path = 'C:/Program Files/Unity/Hub/Editor/2020.3.18f1/Editor/Data/MonoBleedingEdge/etc'
Using monoOptions --debugger-agent=transport=dt_socket,embedding=1,server=y,suspend=n,address=127.0.0.1:56876
Begin MonoManager ReloadAssembly
Registering precompiled unity dll's ...
Register platform support module: C:/Program Files/Unity/Hub/Editor/2020.3.18f1/Editor/Data/PlaybackEngines/WindowsStandaloneSupport/UnityEditor.WindowsStandalone.Extensions.dll
Registered in 0.001905 seconds.
Native extension for WindowsStandalone target not found
Refreshing native plugins compatible for Editor in 42.92 ms, found 3 plugins.
Preloading 0 native plugins for Editor in 0.00 ms.
Mono: successfully reloaded assembly
- Completed reload, in  0.979 seconds
Domain Reload Profiling:
	ReloadAssembly (979ms)
		BeginReloadAssembly (52ms)
			ExecutionOrderSort (0ms)
			DisableScriptedObjects (0ms)
			BackupInstance (0ms)
			ReleaseScriptingObjects (0ms)
			CreateAndSetChildDomain (1ms)
		EndReloadAssembly (416ms)
			LoadAssemblies (50ms)
			RebuildTransferFunctionScriptingTraits (0ms)
			SetupTypeCache (148ms)
			ReleaseScriptCaches (0ms)
			RebuildScriptCaches (30ms)
			SetupLoadedEditorAssemblies (170ms)
				LogAssemblyErrors (0ms)
				InitializePlatformSupportModulesInManaged (4ms)
				SetLoadedEditorAssemblies (0ms)
				RefreshPlugins (43ms)
				BeforeProcessingInitializeOnLoad (18ms)
				ProcessInitializeOnLoadAttributes (77ms)
				ProcessInitializeOnLoadMethodAttributes (28ms)
				AfterProcessingInitializeOnLoad (0ms)
				EditorAssembliesLoaded (0ms)
			ExecutionOrderSort2 (0ms)
			AwakeInstancesAfterBackupRestoration (0ms)
Platform modules already initialized, skipping
Registering precompiled user dll's ...
Registered in 0.001726 seconds.
Begin MonoManager ReloadAssembly
Native extension for WindowsStandalone target not found
Refreshing native plugins compatible for Editor in 40.50 ms, found 3 plugins.
Preloading 0 native plugins for Editor in 0.00 ms.
Mono: successfully reloaded assembly
- Completed reload, in  1.073 seconds
Domain Reload Profiling:
	ReloadAssembly (1074ms)
		BeginReloadAssembly (137ms)
			ExecutionOrderSort (0ms)
			DisableScriptedObjects (4ms)
			BackupInstance (0ms)
			ReleaseScriptingObjects (0ms)
			CreateAndSetChildDomain (18ms)
		EndReloadAssembly (878ms)
			LoadAssemblies (83ms)
			RebuildTransferFunctionScriptingTraits (0ms)
			SetupTypeCache (285ms)
			ReleaseScriptCaches (0ms)
			RebuildScriptCaches (54ms)
			SetupLoadedEditorAssemblies (333ms)
				LogAssemblyErrors (0ms)
				InitializePlatformSupportModulesInManaged (4ms)
				SetLoadedEditorAssemblies (0ms)
				RefreshPlugins (41ms)
				BeforeProcessingInitializeOnLoad (74ms)
				ProcessInitializeOnLoadAttributes (195ms)
				ProcessInitializeOnLoadMethodAttributes (14ms)
				AfterProcessingInitializeOnLoad (5ms)
				EditorAssembliesLoaded (0ms)
			ExecutionOrderSort2 (0ms)
			AwakeInstancesAfterBackupRestoration (7ms)
Platform modules already initialized, skipping
========================================================================
Worker process is ready to serve import requests
Launched and connected shader compiler UnityShaderCompiler.exe after 0.06 seconds
Refreshing native plugins compatible for Editor in 0.50 ms, found 3 plugins.
Preloading 0 native plugins for Editor in 0.00 ms.
Unloading 2120 Unused Serialized files (Serialized files now loaded: 0)
System memory in use before: 94.2 MB.
System memory in use after: 94.3 MB.

Unloading 26 unused Assets to reduce memory usage. Loaded Objects now: 2562.
Total: 3.023200 ms (FindLiveObjects: 0.273700 ms CreateObjectMapping: 0.114200 ms MarkObjects: 2.568700 ms  DeleteObjects: 0.065300 ms)

AssetImportParameters requested are different than current active one (requested -> active):
  custom:framework-win-MediaFoundation: 216162199b28c13a410421893ffa2e32 -> 
  custom:video-decoder-ogg-theora: a1e56fd34408186e4bbccfd4996cb3dc -> 
  custom:container-muxer-webm: aa71ff27fc2769a1b78a27578f13a17b -> 
  custom:container-demuxer-webm: 4f35f7cbe854078d1ac9338744f61a02 -> 
  custom:container-demuxer-ogg: 62fdf1f143b41e24485cea50d1cbac27 -> 
  custom:video-encoder-webm-vp8: eb34c28f22e8b96e1ab97ce403110664 -> 
  custom:video-decoder-webm-vp8: 9c59270c3fd7afecdb556c50c9e8de78 -> 
  custom:audio-decoder-ogg-vorbis: bf7c407c2cedff20999df2af8eb42d56 -> 
  custom:audio-encoder-webm-vorbis: bf7c407c2cedff20999df2af8eb42d56 -> 
========================================================================
Received Import Request.
  path: Assets/Sprites/Menu/lobby_card_panel_evolution.png
  artifactKey: Guid(eff4f9ed302181f4bae3418758384e2a) Importer(815301076,1909f56bfc062723c751e8b465ee728b)
Start importing Assets/Sprites/Menu/lobby_card_panel_evolution.png using Guid(eff4f9ed302181f4bae3418758384e2a) Importer(815301076,1909f56bfc062723c751e8b465ee728b)  -> (artifact id: '4a990c5cc31eceef0effc62f7cf2f82e') in 0.086060 seconds 
  Import took 0.089528 seconds .

========================================================================
Received Import Request.
  Time since last request: 0.000220 seconds.
  path: Assets/Sprites/Menu/lobby_shop_item_background.png
  artifactKey: Guid(358813e6a33711041a6f56092afb0554) Importer(815301076,1909f56bfc062723c751e8b465ee728b)
Start importing Assets/Sprites/Menu/lobby_shop_item_background.png using Guid(358813e6a33711041a6f56092afb0554) Importer(815301076,1909f56bfc062723c751e8b465ee728b)  -> (artifact id: 'aad9982034b291fb354563d3733ba07a') in 0.010903 seconds 
  Import took 0.015402 seconds .

========================================================================
Received Import Request.
  Time since last request: 0.000373 seconds.
  path: Assets/Sprites/Menu/lobby_home_treasure_empty.png
  artifactKey: Guid(48ac1e1f81dfea0429d080ee32e16c0e) Importer(815301076,1909f56bfc062723c751e8b465ee728b)
Start importing Assets/Sprites/Menu/lobby_home_treasure_empty.png using Guid(48ac1e1f81dfea0429d080ee32e16c0e) Importer(815301076,1909f56bfc062723c751e8b465ee728b)  -> (artifact id: 'dc48e73e50e328f3b9c08913d442ca2b') in 0.013082 seconds 
  Import took 0.017467 seconds .

========================================================================
Received Import Request.
  Time since last request: 0.000258 seconds.
  path: Packages/com.unity.ugui
  artifactKey: Guid(8f7652e09069a1943278893d4264401e) Importer(815301076,1909f56bfc062723c751e8b465ee728b)
Start importing Packages/com.unity.ugui using Guid(8f7652e09069a1943278893d4264401e) Importer(815301076,1909f56bfc062723c751e8b465ee728b)  -> (artifact id: '9be8eef517426cf4e5d1ef023f0f7cab') in 0.002656 seconds 
  Import took 0.007118 seconds .

========================================================================
Received Import Request.
  Time since last request: 0.000218 seconds.
  path: Assets/Sprites/Menu/lobby_home_treasure_opening_time.png
  artifactKey: Guid(8ca156b76ce2793498768c43989aa445) Importer(815301076,1909f56bfc062723c751e8b465ee728b)
Start importing Assets/Sprites/Menu/lobby_home_treasure_opening_time.png using Guid(8ca156b76ce2793498768c43989aa445) Importer(815301076,1909f56bfc062723c751e8b465ee728b)  -> (artifact id: '3c12eb7005154f342407708b116a0e0a') in 0.012521 seconds 
  Import took 0.017025 seconds .

========================================================================
Received Import Request.
  Time since last request: 0.000196 seconds.
  path: Packages/com.unity.ugui
  artifactKey: Guid(8f7652e09069a1943278893d4264401e) Importer(815301076,1909f56bfc062723c751e8b465ee728b)
Start importing Packages/com.unity.ugui using Guid(8f7652e09069a1943278893d4264401e) Importer(815301076,1909f56bfc062723c751e8b465ee728b)  -> (artifact id: '9be8eef517426cf4e5d1ef023f0f7cab') in 0.002830 seconds 
  Import took 0.007825 seconds .

========================================================================
Received Import Request.
  Time since last request: 0.000266 seconds.
  path: Assets/Sprites/Menu/lobby_home_btn_battle_pressing.png
  artifactKey: Guid(b7d8a137848cdcf488ffaa5633b58d6c) Importer(815301076,1909f56bfc062723c751e8b465ee728b)
Start importing Assets/Sprites/Menu/lobby_home_btn_battle_pressing.png using Guid(b7d8a137848cdcf488ffaa5633b58d6c) Importer(815301076,1909f56bfc062723c751e8b465ee728b)  -> (artifact id: 'f9cd7f21540ded32c6ca389524c633ca') in 0.011450 seconds 
  Import took 0.016699 seconds .

========================================================================
Received Import Request.
  Time since last request: 0.000161 seconds.
  path: Assets/Sprites/Menu/lobby_card_deck.png
  artifactKey: Guid(2baae2925756e2441925bf92c7b83aea) Importer(815301076,1909f56bfc062723c751e8b465ee728b)
Start importing Assets/Sprites/Menu/lobby_card_deck.png using Guid(2baae2925756e2441925bf92c7b83aea) Importer(815301076,1909f56bfc062723c751e8b465ee728b)  -> (artifact id: '7b7c5d597f1a15c58c250f9ad139663c') in 0.031912 seconds 
  Import took 0.036085 seconds .

========================================================================
Received Import Request.
  Time since last request: 0.000160 seconds.
  path: Assets/Sprites/Menu/lobby_background.png
  artifactKey: Guid(7444dfee1e8a5444b954c51e16ecc364) Importer(815301076,1909f56bfc062723c751e8b465ee728b)
Start importing Assets/Sprites/Menu/lobby_background.png using Guid(7444dfee1e8a5444b954c51e16ecc364) Importer(815301076,1909f56bfc062723c751e8b465ee728b)  -> (artifact id: '8d97a658383beadf00ed7fc0a9b3e463') in 0.031460 seconds 
  Import took 0.034578 seconds .

========================================================================
Received Import Request.
  Time since last request: 0.000223 seconds.
  path: Assets/Sprites/Menu/lobby_card_btn_deck.png
  artifactKey: Guid(58c1ca8553102af48bb7d814d129a476) Importer(815301076,1909f56bfc062723c751e8b465ee728b)
Start importing Assets/Sprites/Menu/lobby_card_btn_deck.png using Guid(58c1ca8553102af48bb7d814d129a476) Importer(815301076,1909f56bfc062723c751e8b465ee728b)  -> (artifact id: '4c847b9adcfc650144488b95fed9aff4') in 0.010711 seconds 
  Import took 0.014781 seconds .

========================================================================
Received Import Request.
  Time since last request: 0.060421 seconds.
  path: Packages/com.unity.ugui/package.json
  artifactKey: Guid(319b8889f363f5947acf209c17a94149) Importer(815301076,1909f56bfc062723c751e8b465ee728b)
Start importing Packages/com.unity.ugui/package.json using Guid(319b8889f363f5947acf209c17a94149) Importer(815301076,1909f56bfc062723c751e8b465ee728b)  -> (artifact id: '39d1f12f0f4420a8b9dea50868bbb5d0') in 0.020782 seconds 
  Import took 0.024109 seconds .

========================================================================
Received Import Request.
  Time since last request: 1.500772 seconds.
  path: Packages/com.unity.ugui/CHANGELOG.md
  artifactKey: Guid(c851bee4305bddf438cc6ffc515991ce) Importer(815301076,1909f56bfc062723c751e8b465ee728b)
Start importing Packages/com.unity.ugui/CHANGELOG.md using Guid(c851bee4305bddf438cc6ffc515991ce) Importer(815301076,1909f56bfc062723c751e8b465ee728b)  -> (artifact id: '7121b42a54f12a09bd2bede73c14ef0c') in 0.006656 seconds 
  Import took 0.009861 seconds .

========================================================================
Received Import Request.
  Time since last request: 0.405300 seconds.
  path: Packages/com.unity.ugui/Tests
  artifactKey: Guid(d850db319a63d2546932ff76fe55a498) Importer(815301076,1909f56bfc062723c751e8b465ee728b)
Start importing Packages/com.unity.ugui/Tests using Guid(d850db319a63d2546932ff76fe55a498) Importer(815301076,1909f56bfc062723c751e8b465ee728b)  -> (artifact id: '91d4ab76b00880fab187066cff3d5d77') in 0.001684 seconds 
  Import took 0.005019 seconds .

========================================================================
Received Import Request.
  Time since last request: 0.277386 seconds.
  path: Packages/com.unity.ugui/Runtime
  artifactKey: Guid(aa14b70e6a58c5b4fa6663623e3dca91) Importer(815301076,1909f56bfc062723c751e8b465ee728b)
Start importing Packages/com.unity.ugui/Runtime using Guid(aa14b70e6a58c5b4fa6663623e3dca91) Importer(815301076,1909f56bfc062723c751e8b465ee728b)  -> (artifact id: '6326547026dbd3d85a755c1aa69a5ad8') in 0.001627 seconds 
  Import took 0.005036 seconds .

========================================================================
Received Import Request.
  Time since last request: 0.921744 seconds.
  path: Packages/com.unity.ugui/Editor
  artifactKey: Guid(bee384ad5b4d1a843a018082e7db53cd) Importer(815301076,1909f56bfc062723c751e8b465ee728b)
Start importing Packages/com.unity.ugui/Editor using Guid(bee384ad5b4d1a843a018082e7db53cd) Importer(815301076,1909f56bfc062723c751e8b465ee728b)  -> (artifact id: '3a6882089124fa3e3e4daf11573b2a9a') in 0.001661 seconds 
  Import took 0.005213 seconds .

========================================================================
Received Import Request.
  Time since last request: 0.081785 seconds.
  path: Packages/com.unity.ugui/Editor/UnityEditor.UI.asmdef
  artifactKey: Guid(343deaaf83e0cee4ca978e7df0b80d21) Importer(815301076,1909f56bfc062723c751e8b465ee728b)
Start importing Packages/com.unity.ugui/Editor/UnityEditor.UI.asmdef using Guid(343deaaf83e0cee4ca978e7df0b80d21) Importer(815301076,1909f56bfc062723c751e8b465ee728b)  -> (artifact id: 'b6729f57df2b31e1ee16d37afa663e95') in 0.010819 seconds 
  Import took 0.014800 seconds .

========================================================================
Received Import Request.
  Time since last request: 0.936335 seconds.
  path: Packages/com.unity.ugui/Editor/Properties
  artifactKey: Guid(cf97e54bcd5479a46bdbade48da047cc) Importer(815301076,1909f56bfc062723c751e8b465ee728b)
Start importing Packages/com.unity.ugui/Editor/Properties using Guid(cf97e54bcd5479a46bdbade48da047cc) Importer(815301076,1909f56bfc062723c751e8b465ee728b)  -> (artifact id: 'c788801ec8a5f2bb301b7ee0a04d7031') in 0.001716 seconds 
  Import took 0.005666 seconds .

========================================================================
Received Import Request.
  Time since last request: 0.256729 seconds.
  path: Packages/com.unity.ugui/Editor/UI
  artifactKey: Guid(853edc343b78a7c4c81cbb3851d48c0a) Importer(815301076,1909f56bfc062723c751e8b465ee728b)
Start importing Packages/com.unity.ugui/Editor/UI using Guid(853edc343b78a7c4c81cbb3851d48c0a) Importer(815301076,1909f56bfc062723c751e8b465ee728b)  -> (artifact id: 'd002f742b9a7dd36a18a266ab4d12948') in 0.001748 seconds 
  Import took 0.005138 seconds .

========================================================================
Received Import Request.
  Time since last request: 1.444654 seconds.
  path: Packages/com.unity.ugui/Editor/UI/ButtonEditor.cs
  artifactKey: Guid(472a6f18dd2f97c41af72271d22db869) Importer(815301076,1909f56bfc062723c751e8b465ee728b)
Start importing Packages/com.unity.ugui/Editor/UI/ButtonEditor.cs using Guid(472a6f18dd2f97c41af72271d22db869) Importer(815301076,1909f56bfc062723c751e8b465ee728b)  -> (artifact id: 'bc363961c5e6b21e40199d454562b83a') in 0.002741 seconds 
  Import took 0.005866 seconds .

========================================================================
Received Import Request.
  Time since last request: 0.002249 seconds.
  path: Packages/com.unity.ugui/Editor/UI/ButtonEditor.cs
  artifactKey: Guid(472a6f18dd2f97c41af72271d22db869) Importer(815301076,1909f56bfc062723c751e8b465ee728b)
Start importing Packages/com.unity.ugui/Editor/UI/ButtonEditor.cs using Guid(472a6f18dd2f97c41af72271d22db869) Importer(815301076,1909f56bfc062723c751e8b465ee728b)  -> (artifact id: 'bc363961c5e6b21e40199d454562b83a') in 0.001863 seconds 
  Import took 0.005534 seconds .

========================================================================
Received Import Request.
  Time since last request: 27.546139 seconds.
  path: Packages/com.unity.ide.rider/package.json
  artifactKey: Guid(66c95bb3c74257f41bae2622511dc02d) Importer(815301076,1909f56bfc062723c751e8b465ee728b)
Start importing Packages/com.unity.ide.rider/package.json using Guid(66c95bb3c74257f41bae2622511dc02d) Importer(815301076,1909f56bfc062723c751e8b465ee728b)  -> (artifact id: 'ff96f7b61e94a0dc9b975679be81ead9') in 0.011563 seconds 
  Import took 0.015925 seconds .

========================================================================
Received Import Request.
  Time since last request: 1.344649 seconds.
  path: Packages/com.unity.ide.rider/Rider
  artifactKey: Guid(9129183a42052cd43b9c284d6dbd541e) Importer(815301076,1909f56bfc062723c751e8b465ee728b)
Start importing Packages/com.unity.ide.rider/Rider using Guid(9129183a42052cd43b9c284d6dbd541e) Importer(815301076,1909f56bfc062723c751e8b465ee728b)  -> (artifact id: 'b0ed37780721ec38efc2f48758039c53') in 0.002067 seconds 
  Import took 0.005795 seconds .

========================================================================
Received Import Request.
  Time since last request: 1.137963 seconds.
  path: Packages/com.unity.ide.rider/Rider/Editor
  artifactKey: Guid(1b393f6b29a9ee84c803af1ab4944b71) Importer(815301076,1909f56bfc062723c751e8b465ee728b)
Start importing Packages/com.unity.ide.rider/Rider/Editor using Guid(1b393f6b29a9ee84c803af1ab4944b71) Importer(815301076,1909f56bfc062723c751e8b465ee728b)  -> (artifact id: '5087f28a9cfe42a2c05db11df8e1e020') in 0.002671 seconds 
  Import took 0.007056 seconds .

========================================================================
Received Import Request.
  Time since last request: 0.064230 seconds.
  path: Packages/com.unity.ide.rider/Rider/Editor/com.unity.ide.rider.asmdef
  artifactKey: Guid(d528c8c98d269ca44a06cd9624a03945) Importer(815301076,1909f56bfc062723c751e8b465ee728b)
Start importing Packages/com.unity.ide.rider/Rider/Editor/com.unity.ide.rider.asmdef using Guid(d528c8c98d269ca44a06cd9624a03945) Importer(815301076,1909f56bfc062723c751e8b465ee728b)  -> (artifact id: '66e1e44df00fa750fc3b002d47a42d5f') in 0.012106 seconds 
  Import took 0.016841 seconds .

========================================================================
Received Import Request.
  Time since last request: 5.061509 seconds.
  path: Packages/com.unity.2d.sprite/package.json
  artifactKey: Guid(7dc5f1e5d04ac8549ac21802071e983b) Importer(815301076,1909f56bfc062723c751e8b465ee728b)
Start importing Packages/com.unity.2d.sprite/package.json using Guid(7dc5f1e5d04ac8549ac21802071e983b) Importer(815301076,1909f56bfc062723c751e8b465ee728b)  -> (artifact id: 'ff87128bdf6981a9843158b29f26b2df') in 0.012101 seconds 
  Import took 0.015584 seconds .

========================================================================
Received Import Request.
  Time since last request: 9.952968 seconds.
  path: Assets/CodeMonkey/Resources/CodeMonkeyAssets.prefab
  artifactKey: Guid(6cb9ffb1fe7e89d4a890b91c62fa7e8b) Importer(815301076,1909f56bfc062723c751e8b465ee728b)
Start importing Assets/CodeMonkey/Resources/CodeMonkeyAssets.prefab using Guid(6cb9ffb1fe7e89d4a890b91c62fa7e8b) Importer(815301076,1909f56bfc062723c751e8b465ee728b)  -> (artifact id: '4949ff883c7e13f9aefa32a598697350') in 0.009122 seconds 
  Import took 0.012382 seconds .

========================================================================
Received Import Request.
  Time since last request: 6.878245 seconds.
  path: Assets/lobby_card_deck.png
  artifactKey: Guid(93f0985559fc61e44a853f83aaa7e598) Importer(815301076,1909f56bfc062723c751e8b465ee728b)
Start importing Assets/lobby_card_deck.png using Guid(93f0985559fc61e44a853f83aaa7e598) Importer(815301076,1909f56bfc062723c751e8b465ee728b)  -> (artifact id: '3980b5d95b17124354e8d3ff64e6b271') in 0.014861 seconds 
  Import took 0.018900 seconds .

========================================================================
Received Import Request.
  Time since last request: 1.884354 seconds.
  path: Assets/CodeMonkey
  artifactKey: Guid(16b451a71f8c5644886a3d83a5a80de7) Importer(815301076,1909f56bfc062723c751e8b465ee728b)
Start importing Assets/CodeMonkey using Guid(16b451a71f8c5644886a3d83a5a80de7) Importer(815301076,1909f56bfc062723c751e8b465ee728b)  -> (artifact id: '1832475f8db39e08af1d805d110b84bd') in 0.001940 seconds 
  Import took 0.015622 seconds .

========================================================================
Received Import Request.
  Time since last request: 1.913988 seconds.
  path: Assets/CodeMonkey/Utils
  artifactKey: Guid(d900c58c01968cd42bb98e37d8e4d05c) Importer(815301076,1909f56bfc062723c751e8b465ee728b)
Start importing Assets/CodeMonkey/Utils using Guid(d900c58c01968cd42bb98e37d8e4d05c) Importer(815301076,1909f56bfc062723c751e8b465ee728b)  -> (artifact id: 'c17f48128f1547e82c2f32e1de49fe8a') in 0.001609 seconds 
  Import took 0.005115 seconds .

========================================================================
Received Import Request.
  Time since last request: 0.417761 seconds.
  path: Assets/CodeMonkey/MonoBehaviours
  artifactKey: Guid(5abf4c77cbf61d94995a40be42eeaee0) Importer(815301076,1909f56bfc062723c751e8b465ee728b)
Start importing Assets/CodeMonkey/MonoBehaviours using Guid(5abf4c77cbf61d94995a40be42eeaee0) Importer(815301076,1909f56bfc062723c751e8b465ee728b)  -> (artifact id: 'cda1f05f3cd1ee6d77c42e275b90f74f') in 0.001729 seconds 
  Import took 0.015302 seconds .

========================================================================
Received Import Request.
  Time since last request: 0.614586 seconds.
  path: Assets/CodeMonkey/Resources
  artifactKey: Guid(9c480003fd87d3548ae91e921a89a579) Importer(815301076,1909f56bfc062723c751e8b465ee728b)
Start importing Assets/CodeMonkey/Resources using Guid(9c480003fd87d3548ae91e921a89a579) Importer(815301076,1909f56bfc062723c751e8b465ee728b)  -> (artifact id: '979da2636c0cf90bb1242896185638d7') in 0.001592 seconds 
  Import took 0.005504 seconds .

========================================================================
Received Import Request.
  Time since last request: 0.442962 seconds.
  path: Assets/CodeMonkey/Assets
  artifactKey: Guid(87d70cfb1e610ac4dadb3551cb1dc28b) Importer(815301076,1909f56bfc062723c751e8b465ee728b)
Start importing Assets/CodeMonkey/Assets using Guid(87d70cfb1e610ac4dadb3551cb1dc28b) Importer(815301076,1909f56bfc062723c751e8b465ee728b)  -> (artifact id: '2e2eba4ea591a8e9041429653a629a8b') in 0.001663 seconds 
  Import took 0.005289 seconds .

========================================================================
Received Import Request.
  Time since last request: 0.897574 seconds.
  path: Assets/CodeMonkey/Assets/Circle.png
  artifactKey: Guid(a0e35f6b808bb7447826cc6c69ffe448) Importer(815301076,1909f56bfc062723c751e8b465ee728b)
Start importing Assets/CodeMonkey/Assets/Circle.png using Guid(a0e35f6b808bb7447826cc6c69ffe448) Importer(815301076,1909f56bfc062723c751e8b465ee728b)  -> (artifact id: '244d4e9e4bcf4382c9d7d05d2636d331') in 0.008762 seconds 
  Import took 0.012324 seconds .

========================================================================
Received Import Request.
  Time since last request: 0.000182 seconds.
  path: Assets/CodeMonkey/Assets/White_1x1.png
  artifactKey: Guid(170577bce7cbda144b82578f81308d23) Importer(815301076,1909f56bfc062723c751e8b465ee728b)
Start importing Assets/CodeMonkey/Assets/White_1x1.png using Guid(170577bce7cbda144b82578f81308d23) Importer(815301076,1909f56bfc062723c751e8b465ee728b)  -> (artifact id: 'bd494e2af3e37c0319c990d96c35d1ca') in 0.008807 seconds 
  Import took 0.022471 seconds .

========================================================================
Received Import Request.
  Time since last request: 0.000188 seconds.
  path: Assets/CodeMonkey/Assets/White_1x1.mat
  artifactKey: Guid(7d5e8e2c082a4c44a9abd7d650cf0a15) Importer(815301076,1909f56bfc062723c751e8b465ee728b)
Start importing Assets/CodeMonkey/Assets/White_1x1.mat using Guid(7d5e8e2c082a4c44a9abd7d650cf0a15) Importer(815301076,1909f56bfc062723c751e8b465ee728b)  -> (artifact id: '59c6622c20b6bc253334370740268f4e') in 0.040318 seconds 
  Import took 0.043701 seconds .

========================================================================
Received Import Request.
  Time since last request: 2.701204 seconds.
  path: Assets/CodeMonkey/MonoBehaviours/CameraFollowSetup.cs
  artifactKey: Guid(31e947e7eb3216d40b72c592fa6847a3) Importer(815301076,1909f56bfc062723c751e8b465ee728b)
Start importing Assets/CodeMonkey/MonoBehaviours/CameraFollowSetup.cs using Guid(31e947e7eb3216d40b72c592fa6847a3) Importer(815301076,1909f56bfc062723c751e8b465ee728b)  -> (artifact id: 'd84d5b0547c01458c29ed119289e4fa2') in 0.001305 seconds 
  Import took 0.014810 seconds .

========================================================================
Received Import Request.
  Time since last request: 0.256378 seconds.
  path: Assets/CodeMonkey/MonoBehaviours/ComponentActions.cs
  artifactKey: Guid(cb3e855e7fda2944b91078893f9e8fd8) Importer(815301076,1909f56bfc062723c751e8b465ee728b)
Start importing Assets/CodeMonkey/MonoBehaviours/ComponentActions.cs using Guid(cb3e855e7fda2944b91078893f9e8fd8) Importer(815301076,1909f56bfc062723c751e8b465ee728b)  -> (artifact id: '60c18f843d1ce9a9d7aba0437ad49c35') in 0.001546 seconds 
  Import took 0.004820 seconds .

========================================================================
Received Import Request.
  Time since last request: 0.221070 seconds.
  path: Assets/CodeMonkey/MonoBehaviours/PositionRendererSorter.cs
  artifactKey: Guid(b330b302c69005c4f98a928f7d71b877) Importer(815301076,1909f56bfc062723c751e8b465ee728b)
Start importing Assets/CodeMonkey/MonoBehaviours/PositionRendererSorter.cs using Guid(b330b302c69005c4f98a928f7d71b877) Importer(815301076,1909f56bfc062723c751e8b465ee728b)  -> (artifact id: '5068c9229e3bb0d22f629e86a83dc238') in 0.001342 seconds 
  Import took 0.005083 seconds .

========================================================================
Received Import Request.
  Time since last request: 1.671455 seconds.
  path: Assets/CodeMonkey/MonoBehaviours/CameraFollow.cs
  artifactKey: Guid(f73a3eab49f30d344a207d7d3d931d98) Importer(815301076,1909f56bfc062723c751e8b465ee728b)
Start importing Assets/CodeMonkey/MonoBehaviours/CameraFollow.cs using Guid(f73a3eab49f30d344a207d7d3d931d98) Importer(815301076,1909f56bfc062723c751e8b465ee728b)  -> (artifact id: 'ac82d2e08b34469f355e1e06394e2577') in 0.001567 seconds 
  Import took 0.004752 seconds .

========================================================================
Received Import Request.
  Time since last request: 3.294463 seconds.
  path: Assets/CodeMonkey/Utils/UI_Bar.cs
  artifactKey: Guid(49ffd25ff4b0ca3429d1b1e2dc0ff037) Importer(815301076,1909f56bfc062723c751e8b465ee728b)
Start importing Assets/CodeMonkey/Utils/UI_Bar.cs using Guid(49ffd25ff4b0ca3429d1b1e2dc0ff037) Importer(815301076,1909f56bfc062723c751e8b465ee728b)  -> (artifact id: 'a70ec2c67849858eb1380e1f5678e4c6') in 0.001441 seconds 
  Import took 0.004745 seconds .

========================================================================
Received Import Request.
  Time since last request: 0.002396 seconds.
  path: Assets/CodeMonkey/Utils/UI_Bar.cs
  artifactKey: Guid(49ffd25ff4b0ca3429d1b1e2dc0ff037) Importer(815301076,1909f56bfc062723c751e8b465ee728b)
Start importing Assets/CodeMonkey/Utils/UI_Bar.cs using Guid(49ffd25ff4b0ca3429d1b1e2dc0ff037) Importer(815301076,1909f56bfc062723c751e8b465ee728b)  -> (artifact id: 'a70ec2c67849858eb1380e1f5678e4c6') in 0.001334 seconds 
  Import took 0.005374 seconds .

========================================================================
Received Import Request.
  Time since last request: 0.769317 seconds.
  path: Assets/CodeMonkey/Utils/Button_Sprite.cs
  artifactKey: Guid(4771330f098d1db4898ad07204154d04) Importer(815301076,1909f56bfc062723c751e8b465ee728b)
Start importing Assets/CodeMonkey/Utils/Button_Sprite.cs using Guid(4771330f098d1db4898ad07204154d04) Importer(815301076,1909f56bfc062723c751e8b465ee728b)  -> (artifact id: '0d9f07b9f4271d0c20588fd0cdf43b43') in 0.001180 seconds 
  Import took 0.004851 seconds .

========================================================================
Received Import Request.
  Time since last request: 0.000853 seconds.
  path: Assets/CodeMonkey/Utils/Button_Sprite.cs
  artifactKey: Guid(4771330f098d1db4898ad07204154d04) Importer(815301076,1909f56bfc062723c751e8b465ee728b)
Start importing Assets/CodeMonkey/Utils/Button_Sprite.cs using Guid(4771330f098d1db4898ad07204154d04) Importer(815301076,1909f56bfc062723c751e8b465ee728b)  -> (artifact id: '0d9f07b9f4271d0c20588fd0cdf43b43') in 0.001753 seconds 
  Import took 0.005921 seconds .

========================================================================
Received Import Request.
  Time since last request: 0.783649 seconds.
  path: Assets/CodeMonkey/Utils/Button_UI.cs
  artifactKey: Guid(602f74cbbbd80034b96f88091a8e7c1d) Importer(815301076,1909f56bfc062723c751e8b465ee728b)
Start importing Assets/CodeMonkey/Utils/Button_UI.cs using Guid(602f74cbbbd80034b96f88091a8e7c1d) Importer(815301076,1909f56bfc062723c751e8b465ee728b)  -> (artifact id: 'e8835cb51ae91e21541117951222e581') in 0.001226 seconds 
  Import took 0.004361 seconds .

========================================================================
Received Import Request.
  Time since last request: 0.001116 seconds.
  path: Assets/CodeMonkey/Utils/Button_UI.cs
  artifactKey: Guid(602f74cbbbd80034b96f88091a8e7c1d) Importer(815301076,1909f56bfc062723c751e8b465ee728b)
Start importing Assets/CodeMonkey/Utils/Button_UI.cs using Guid(602f74cbbbd80034b96f88091a8e7c1d) Importer(815301076,1909f56bfc062723c751e8b465ee728b)  -> (artifact id: 'e8835cb51ae91e21541117951222e581') in 0.001469 seconds 
  Import took 0.006102 seconds .

========================================================================
Received Import Request.
  Time since last request: 0.234647 seconds.
  path: Assets/CodeMonkey/Utils/FunctionPeriodic.cs
  artifactKey: Guid(f522bd6f08a5c984a9512bb60ebc1818) Importer(815301076,1909f56bfc062723c751e8b465ee728b)
Start importing Assets/CodeMonkey/Utils/FunctionPeriodic.cs using Guid(f522bd6f08a5c984a9512bb60ebc1818) Importer(815301076,1909f56bfc062723c751e8b465ee728b)  -> (artifact id: 'cdef65aebe104020c30edafa7910ac11') in 0.001355 seconds 
  Import took 0.015754 seconds .

========================================================================
Received Prepare
Registering precompiled user dll's ...
Registered in 0.001785 seconds.
Begin MonoManager ReloadAssembly
Native extension for WindowsStandalone target not found
Refreshing native plugins compatible for Editor in 0.52 ms, found 3 plugins.
Preloading 0 native plugins for Editor in 0.00 ms.
Mono: successfully reloaded assembly
- Completed reload, in  1.076 seconds
Domain Reload Profiling:
	ReloadAssembly (1076ms)
		BeginReloadAssembly (122ms)
			ExecutionOrderSort (0ms)
			DisableScriptedObjects (6ms)
			BackupInstance (0ms)
			ReleaseScriptingObjects (0ms)
			CreateAndSetChildDomain (42ms)
		EndReloadAssembly (865ms)
			LoadAssemblies (95ms)
			RebuildTransferFunctionScriptingTraits (0ms)
			SetupTypeCache (314ms)
			ReleaseScriptCaches (1ms)
			RebuildScriptCaches (44ms)
			SetupLoadedEditorAssemblies (303ms)
				LogAssemblyErrors (0ms)
				InitializePlatformSupportModulesInManaged (5ms)
				SetLoadedEditorAssemblies (0ms)
				RefreshPlugins (1ms)
				BeforeProcessingInitializeOnLoad (88ms)
				ProcessInitializeOnLoadAttributes (197ms)
				ProcessInitializeOnLoadMethodAttributes (6ms)
				AfterProcessingInitializeOnLoad (6ms)
				EditorAssembliesLoaded (0ms)
			ExecutionOrderSort2 (0ms)
			AwakeInstancesAfterBackupRestoration (11ms)
Platform modules already initialized, skipping
Refreshing native plugins compatible for Editor in 0.42 ms, found 3 plugins.
Preloading 0 native plugins for Editor in 0.00 ms.
Unloading 2110 Unused Serialized files (Serialized files now loaded: 0)
System memory in use before: 96.9 MB.
System memory in use after: 97.0 MB.

Unloading 14 unused Assets to reduce memory usage. Loaded Objects now: 2624.
Total: 3.208200 ms (FindLiveObjects: 0.206400 ms CreateObjectMapping: 0.076000 ms MarkObjects: 2.908700 ms  DeleteObjects: 0.016000 ms)

AssetImportParameters requested are different than current active one (requested -> active):
  custom:framework-win-MediaFoundation: 216162199b28c13a410421893ffa2e32 -> 
  custom:video-decoder-ogg-theora: a1e56fd34408186e4bbccfd4996cb3dc -> 
  custom:container-muxer-webm: aa71ff27fc2769a1b78a27578f13a17b -> 
  custom:container-demuxer-webm: 4f35f7cbe854078d1ac9338744f61a02 -> 
  custom:container-demuxer-ogg: 62fdf1f143b41e24485cea50d1cbac27 -> 
  custom:video-encoder-webm-vp8: eb34c28f22e8b96e1ab97ce403110664 -> 
  custom:video-decoder-webm-vp8: 9c59270c3fd7afecdb556c50c9e8de78 -> 
  custom:audio-decoder-ogg-vorbis: bf7c407c2cedff20999df2af8eb42d56 -> 
  custom:audio-encoder-webm-vorbis: bf7c407c2cedff20999df2af8eb42d56 -> 
========================================================================
Received Prepare
Registering precompiled user dll's ...
Registered in 0.002417 seconds.
Begin MonoManager ReloadAssembly
Native extension for WindowsStandalone target not found
Refreshing native plugins compatible for Editor in 0.87 ms, found 3 plugins.
Preloading 0 native plugins for Editor in 0.00 ms.
Mono: successfully reloaded assembly
- Completed reload, in  1.423 seconds
Domain Reload Profiling:
	ReloadAssembly (1424ms)
		BeginReloadAssembly (152ms)
			ExecutionOrderSort (0ms)
			DisableScriptedObjects (9ms)
			BackupInstance (0ms)
			ReleaseScriptingObjects (0ms)
			CreateAndSetChildDomain (50ms)
		EndReloadAssembly (1180ms)
			LoadAssemblies (125ms)
			RebuildTransferFunctionScriptingTraits (0ms)
			SetupTypeCache (421ms)
			ReleaseScriptCaches (1ms)
			RebuildScriptCaches (64ms)
			SetupLoadedEditorAssemblies (423ms)
				LogAssemblyErrors (0ms)
				InitializePlatformSupportModulesInManaged (8ms)
				SetLoadedEditorAssemblies (1ms)
				RefreshPlugins (1ms)
				BeforeProcessingInitializeOnLoad (105ms)
				ProcessInitializeOnLoadAttributes (292ms)
				ProcessInitializeOnLoadMethodAttributes (9ms)
				AfterProcessingInitializeOnLoad (8ms)
				EditorAssembliesLoaded (0ms)
			ExecutionOrderSort2 (0ms)
			AwakeInstancesAfterBackupRestoration (16ms)
Platform modules already initialized, skipping
Refreshing native plugins compatible for Editor in 0.64 ms, found 3 plugins.
Preloading 0 native plugins for Editor in 0.00 ms.
Unloading 2110 Unused Serialized files (Serialized files now loaded: 0)
System memory in use before: 96.9 MB.
System memory in use after: 97.1 MB.

Unloading 14 unused Assets to reduce memory usage. Loaded Objects now: 2627.
Total: 4.008500 ms (FindLiveObjects: 0.284100 ms CreateObjectMapping: 0.144000 ms MarkObjects: 3.558300 ms  DeleteObjects: 0.020200 ms)

AssetImportParameters requested are different than current active one (requested -> active):
  custom:framework-win-MediaFoundation: 216162199b28c13a410421893ffa2e32 -> 
  custom:video-decoder-ogg-theora: a1e56fd34408186e4bbccfd4996cb3dc -> 
  custom:container-muxer-webm: aa71ff27fc2769a1b78a27578f13a17b -> 
  custom:container-demuxer-webm: 4f35f7cbe854078d1ac9338744f61a02 -> 
  custom:container-demuxer-ogg: 62fdf1f143b41e24485cea50d1cbac27 -> 
  custom:video-encoder-webm-vp8: eb34c28f22e8b96e1ab97ce403110664 -> 
  custom:video-decoder-webm-vp8: 9c59270c3fd7afecdb556c50c9e8de78 -> 
  custom:audio-decoder-ogg-vorbis: bf7c407c2cedff20999df2af8eb42d56 -> 
  custom:audio-encoder-webm-vorbis: bf7c407c2cedff20999df2af8eb42d56 -> 
========================================================================
Received Prepare
Registering precompiled user dll's ...
Registered in 0.001772 seconds.
Begin MonoManager ReloadAssembly
Native extension for WindowsStandalone target not found
Refreshing native plugins compatible for Editor in 0.41 ms, found 3 plugins.
Preloading 0 native plugins for Editor in 0.00 ms.
Mono: successfully reloaded assembly
- Completed reload, in  1.091 seconds
Domain Reload Profiling:
	ReloadAssembly (1091ms)
		BeginReloadAssembly (107ms)
			ExecutionOrderSort (0ms)
			DisableScriptedObjects (6ms)
			BackupInstance (0ms)
			ReleaseScriptingObjects (0ms)
			CreateAndSetChildDomain (35ms)
		EndReloadAssembly (916ms)
			LoadAssemblies (90ms)
			RebuildTransferFunctionScriptingTraits (0ms)
			SetupTypeCache (366ms)
			ReleaseScriptCaches (1ms)
			RebuildScriptCaches (44ms)
			SetupLoadedEditorAssemblies (311ms)
				LogAssemblyErrors (0ms)
				InitializePlatformSupportModulesInManaged (5ms)
				SetLoadedEditorAssemblies (1ms)
				RefreshPlugins (0ms)
				BeforeProcessingInitializeOnLoad (90ms)
				ProcessInitializeOnLoadAttributes (200ms)
				ProcessInitializeOnLoadMethodAttributes (7ms)
				AfterProcessingInitializeOnLoad (8ms)
				EditorAssembliesLoaded (0ms)
			ExecutionOrderSort2 (0ms)
			AwakeInstancesAfterBackupRestoration (11ms)
Platform modules already initialized, skipping
Refreshing native plugins compatible for Editor in 0.43 ms, found 3 plugins.
Preloading 0 native plugins for Editor in 0.00 ms.
Unloading 2110 Unused Serialized files (Serialized files now loaded: 0)
System memory in use before: 97.0 MB.
System memory in use after: 97.1 MB.

Unloading 14 unused Assets to reduce memory usage. Loaded Objects now: 2630.
Total: 2.781800 ms (FindLiveObjects: 0.186800 ms CreateObjectMapping: 0.080400 ms MarkObjects: 2.497600 ms  DeleteObjects: 0.016100 ms)

AssetImportParameters requested are different than current active one (requested -> active):
  custom:framework-win-MediaFoundation: 216162199b28c13a410421893ffa2e32 -> 
  custom:video-decoder-ogg-theora: a1e56fd34408186e4bbccfd4996cb3dc -> 
  custom:container-muxer-webm: aa71ff27fc2769a1b78a27578f13a17b -> 
  custom:container-demuxer-webm: 4f35f7cbe854078d1ac9338744f61a02 -> 
  custom:container-demuxer-ogg: 62fdf1f143b41e24485cea50d1cbac27 -> 
  custom:video-encoder-webm-vp8: eb34c28f22e8b96e1ab97ce403110664 -> 
  custom:video-decoder-webm-vp8: 9c59270c3fd7afecdb556c50c9e8de78 -> 
  custom:audio-decoder-ogg-vorbis: bf7c407c2cedff20999df2af8eb42d56 -> 
  custom:audio-encoder-webm-vorbis: bf7c407c2cedff20999df2af8eb42d56 -> 
========================================================================
Received Prepare
Registering precompiled user dll's ...
Registered in 0.002430 seconds.
Begin MonoManager ReloadAssembly
Native extension for WindowsStandalone target not found
Refreshing native plugins compatible for Editor in 0.52 ms, found 3 plugins.
Preloading 0 native plugins for Editor in 0.00 ms.
Mono: successfully reloaded assembly
- Completed reload, in  1.034 seconds
Domain Reload Profiling:
	ReloadAssembly (1034ms)
		BeginReloadAssembly (116ms)
			ExecutionOrderSort (0ms)
			DisableScriptedObjects (7ms)
			BackupInstance (0ms)
			ReleaseScriptingObjects (0ms)
			CreateAndSetChildDomain (39ms)
		EndReloadAssembly (836ms)
			LoadAssemblies (90ms)
			RebuildTransferFunctionScriptingTraits (0ms)
			SetupTypeCache (300ms)
			ReleaseScriptCaches (1ms)
			RebuildScriptCaches (42ms)
			SetupLoadedEditorAssemblies (303ms)
				LogAssemblyErrors (0ms)
				InitializePlatformSupportModulesInManaged (5ms)
				SetLoadedEditorAssemblies (1ms)
				RefreshPlugins (1ms)
				BeforeProcessingInitializeOnLoad (78ms)
				ProcessInitializeOnLoadAttributes (207ms)
				ProcessInitializeOnLoadMethodAttributes (6ms)
				AfterProcessingInitializeOnLoad (5ms)
				EditorAssembliesLoaded (0ms)
			ExecutionOrderSort2 (0ms)
			AwakeInstancesAfterBackupRestoration (10ms)
Platform modules already initialized, skipping
Refreshing native plugins compatible for Editor in 0.41 ms, found 3 plugins.
Preloading 0 native plugins for Editor in 0.00 ms.
Unloading 2110 Unused Serialized files (Serialized files now loaded: 0)
System memory in use before: 97.0 MB.
System memory in use after: 97.1 MB.

Unloading 14 unused Assets to reduce memory usage. Loaded Objects now: 2633.
Total: 3.068000 ms (FindLiveObjects: 0.179200 ms CreateObjectMapping: 0.072600 ms MarkObjects: 2.797300 ms  DeleteObjects: 0.017900 ms)

AssetImportParameters requested are different than current active one (requested -> active):
  custom:framework-win-MediaFoundation: 216162199b28c13a410421893ffa2e32 -> 
  custom:video-decoder-ogg-theora: a1e56fd34408186e4bbccfd4996cb3dc -> 
  custom:container-muxer-webm: aa71ff27fc2769a1b78a27578f13a17b -> 
  custom:container-demuxer-webm: 4f35f7cbe854078d1ac9338744f61a02 -> 
  custom:container-demuxer-ogg: 62fdf1f143b41e24485cea50d1cbac27 -> 
  custom:video-encoder-webm-vp8: eb34c28f22e8b96e1ab97ce403110664 -> 
  custom:video-decoder-webm-vp8: 9c59270c3fd7afecdb556c50c9e8de78 -> 
  custom:audio-decoder-ogg-vorbis: bf7c407c2cedff20999df2af8eb42d56 -> 
  custom:audio-encoder-webm-vorbis: bf7c407c2cedff20999df2af8eb42d56 -> 
========================================================================
Received Prepare
Registering precompiled user dll's ...
Registered in 0.001713 seconds.
Begin MonoManager ReloadAssembly
Native extension for WindowsStandalone target not found
Refreshing native plugins compatible for Editor in 0.42 ms, found 3 plugins.
Preloading 0 native plugins for Editor in 0.00 ms.
Mono: successfully reloaded assembly
- Completed reload, in  1.029 seconds
Domain Reload Profiling:
	ReloadAssembly (1030ms)
		BeginReloadAssembly (109ms)
			ExecutionOrderSort (0ms)
			DisableScriptedObjects (6ms)
			BackupInstance (0ms)
			ReleaseScriptingObjects (0ms)
			CreateAndSetChildDomain (34ms)
		EndReloadAssembly (857ms)
			LoadAssemblies (93ms)
			RebuildTransferFunctionScriptingTraits (0ms)
			SetupTypeCache (317ms)
			ReleaseScriptCaches (1ms)
			RebuildScriptCaches (43ms)
			SetupLoadedEditorAssemblies (305ms)
				LogAssemblyErrors (0ms)
				InitializePlatformSupportModulesInManaged (5ms)
				SetLoadedEditorAssemblies (1ms)
				RefreshPlugins (0ms)
				BeforeProcessingInitializeOnLoad (76ms)
				ProcessInitializeOnLoadAttributes (212ms)
				ProcessInitializeOnLoadMethodAttributes (6ms)
				AfterProcessingInitializeOnLoad (5ms)
				EditorAssembliesLoaded (0ms)
			ExecutionOrderSort2 (0ms)
			AwakeInstancesAfterBackupRestoration (10ms)
Platform modules already initialized, skipping
Refreshing native plugins compatible for Editor in 0.45 ms, found 3 plugins.
Preloading 0 native plugins for Editor in 0.00 ms.
Unloading 2110 Unused Serialized files (Serialized files now loaded: 0)
System memory in use before: 97.0 MB.
System memory in use after: 97.1 MB.

Unloading 14 unused Assets to reduce memory usage. Loaded Objects now: 2636.
Total: 3.000900 ms (FindLiveObjects: 0.196400 ms CreateObjectMapping: 0.071000 ms MarkObjects: 2.716800 ms  DeleteObjects: 0.015300 ms)

AssetImportParameters requested are different than current active one (requested -> active):
  custom:framework-win-MediaFoundation: 216162199b28c13a410421893ffa2e32 -> 
  custom:video-decoder-ogg-theora: a1e56fd34408186e4bbccfd4996cb3dc -> 
  custom:container-muxer-webm: aa71ff27fc2769a1b78a27578f13a17b -> 
  custom:container-demuxer-webm: 4f35f7cbe854078d1ac9338744f61a02 -> 
  custom:container-demuxer-ogg: 62fdf1f143b41e24485cea50d1cbac27 -> 
  custom:video-encoder-webm-vp8: eb34c28f22e8b96e1ab97ce403110664 -> 
  custom:video-decoder-webm-vp8: 9c59270c3fd7afecdb556c50c9e8de78 -> 
  custom:audio-decoder-ogg-vorbis: bf7c407c2cedff20999df2af8eb42d56 -> 
  custom:audio-encoder-webm-vorbis: bf7c407c2cedff20999df2af8eb42d56 -> 
========================================================================
Received Prepare
Registering precompiled user dll's ...
Registered in 0.001708 seconds.
Begin MonoManager ReloadAssembly
Native extension for WindowsStandalone target not found
Refreshing native plugins compatible for Editor in 0.42 ms, found 3 plugins.
Preloading 0 native plugins for Editor in 0.00 ms.
Mono: successfully reloaded assembly
- Completed reload, in  1.073 seconds
Domain Reload Profiling:
	ReloadAssembly (1074ms)
		BeginReloadAssembly (105ms)
			ExecutionOrderSort (0ms)
			DisableScriptedObjects (6ms)
			BackupInstance (0ms)
			ReleaseScriptingObjects (0ms)
			CreateAndSetChildDomain (34ms)
		EndReloadAssembly (897ms)
			LoadAssemblies (86ms)
			RebuildTransferFunctionScriptingTraits (0ms)
			SetupTypeCache (334ms)
			ReleaseScriptCaches (1ms)
			RebuildScriptCaches (44ms)
			SetupLoadedEditorAssemblies (326ms)
				LogAssemblyErrors (0ms)
				InitializePlatformSupportModulesInManaged (6ms)
				SetLoadedEditorAssemblies (1ms)
				RefreshPlugins (0ms)
				BeforeProcessingInitializeOnLoad (79ms)
				ProcessInitializeOnLoadAttributes (227ms)
				ProcessInitializeOnLoadMethodAttributes (7ms)
				AfterProcessingInitializeOnLoad (6ms)
				EditorAssembliesLoaded (0ms)
			ExecutionOrderSort2 (0ms)
			AwakeInstancesAfterBackupRestoration (12ms)
Platform modules already initialized, skipping
Refreshing native plugins compatible for Editor in 0.41 ms, found 3 plugins.
Preloading 0 native plugins for Editor in 0.00 ms.
Unloading 2110 Unused Serialized files (Serialized files now loaded: 0)
System memory in use before: 97.0 MB.
System memory in use after: 97.1 MB.

Unloading 14 unused Assets to reduce memory usage. Loaded Objects now: 2639.
Total: 3.240500 ms (FindLiveObjects: 0.198100 ms CreateObjectMapping: 0.067900 ms MarkObjects: 2.953000 ms  DeleteObjects: 0.020200 ms)

AssetImportParameters requested are different than current active one (requested -> active):
  custom:framework-win-MediaFoundation: 216162199b28c13a410421893ffa2e32 -> 
  custom:video-decoder-ogg-theora: a1e56fd34408186e4bbccfd4996cb3dc -> 
  custom:container-muxer-webm: aa71ff27fc2769a1b78a27578f13a17b -> 
  custom:container-demuxer-webm: 4f35f7cbe854078d1ac9338744f61a02 -> 
  custom:container-demuxer-ogg: 62fdf1f143b41e24485cea50d1cbac27 -> 
  custom:video-encoder-webm-vp8: eb34c28f22e8b96e1ab97ce403110664 -> 
  custom:video-decoder-webm-vp8: 9c59270c3fd7afecdb556c50c9e8de78 -> 
  custom:audio-decoder-ogg-vorbis: bf7c407c2cedff20999df2af8eb42d56 -> 
  custom:audio-encoder-webm-vorbis: bf7c407c2cedff20999df2af8eb42d56 -> 
========================================================================
Received Import Request.
  Time since last request: 811.436489 seconds.
  path: Assets/Sprites/Menu
  artifactKey: Guid(927a0437a089011418be4721d5691163) Importer(815301076,1909f56bfc062723c751e8b465ee728b)
Start importing Assets/Sprites/Menu using Guid(927a0437a089011418be4721d5691163) Importer(815301076,1909f56bfc062723c751e8b465ee728b)  -> (artifact id: 'b84408f8041fc342c56ac17b4dd27d78') in 0.004716 seconds 
  Import took 0.008320 seconds .

========================================================================
Received Prepare
Registering precompiled user dll's ...
Registered in 0.001662 seconds.
Begin MonoManager ReloadAssembly
Native extension for WindowsStandalone target not found
Refreshing native plugins compatible for Editor in 0.52 ms, found 3 plugins.
Preloading 0 native plugins for Editor in 0.00 ms.
Mono: successfully reloaded assembly
- Completed reload, in  0.964 seconds
Domain Reload Profiling:
	ReloadAssembly (964ms)
		BeginReloadAssembly (101ms)
			ExecutionOrderSort (0ms)
			DisableScriptedObjects (6ms)
			BackupInstance (0ms)
			ReleaseScriptingObjects (0ms)
			CreateAndSetChildDomain (33ms)
		EndReloadAssembly (802ms)
			LoadAssemblies (82ms)
			RebuildTransferFunctionScriptingTraits (0ms)
			SetupTypeCache (283ms)
			ReleaseScriptCaches (1ms)
			RebuildScriptCaches (42ms)
			SetupLoadedEditorAssemblies (290ms)
				LogAssemblyErrors (0ms)
				InitializePlatformSupportModulesInManaged (5ms)
				SetLoadedEditorAssemblies (0ms)
				RefreshPlugins (1ms)
				BeforeProcessingInitializeOnLoad (78ms)
				ProcessInitializeOnLoadAttributes (194ms)
				ProcessInitializeOnLoadMethodAttributes (6ms)
				AfterProcessingInitializeOnLoad (6ms)
				EditorAssembliesLoaded (0ms)
			ExecutionOrderSort2 (0ms)
			AwakeInstancesAfterBackupRestoration (11ms)
Platform modules already initialized, skipping
Refreshing native plugins compatible for Editor in 0.41 ms, found 3 plugins.
Preloading 0 native plugins for Editor in 0.00 ms.
Unloading 2110 Unused Serialized files (Serialized files now loaded: 0)
System memory in use before: 97.0 MB.
System memory in use after: 97.2 MB.

Unloading 14 unused Assets to reduce memory usage. Loaded Objects now: 2642.
Total: 3.386400 ms (FindLiveObjects: 0.197900 ms CreateObjectMapping: 0.068700 ms MarkObjects: 3.101700 ms  DeleteObjects: 0.017000 ms)

AssetImportParameters requested are different than current active one (requested -> active):
  custom:framework-win-MediaFoundation: 216162199b28c13a410421893ffa2e32 -> 
  custom:video-decoder-ogg-theora: a1e56fd34408186e4bbccfd4996cb3dc -> 
  custom:container-muxer-webm: aa71ff27fc2769a1b78a27578f13a17b -> 
  custom:container-demuxer-webm: 4f35f7cbe854078d1ac9338744f61a02 -> 
  custom:container-demuxer-ogg: 62fdf1f143b41e24485cea50d1cbac27 -> 
  custom:video-encoder-webm-vp8: eb34c28f22e8b96e1ab97ce403110664 -> 
  custom:video-decoder-webm-vp8: 9c59270c3fd7afecdb556c50c9e8de78 -> 
  custom:audio-decoder-ogg-vorbis: bf7c407c2cedff20999df2af8eb42d56 -> 
  custom:audio-encoder-webm-vorbis: bf7c407c2cedff20999df2af8eb42d56 -> 
========================================================================
Received Prepare
Registering precompiled user dll's ...
Registered in 0.001851 seconds.
Begin MonoManager ReloadAssembly
Native extension for WindowsStandalone target not found
Refreshing native plugins compatible for Editor in 0.44 ms, found 3 plugins.
Preloading 0 native plugins for Editor in 0.00 ms.
Mono: successfully reloaded assembly
- Completed reload, in  0.943 seconds
Domain Reload Profiling:
	ReloadAssembly (944ms)
		BeginReloadAssembly (99ms)
			ExecutionOrderSort (0ms)
			DisableScriptedObjects (6ms)
			BackupInstance (0ms)
			ReleaseScriptingObjects (0ms)
			CreateAndSetChildDomain (32ms)
		EndReloadAssembly (785ms)
			LoadAssemblies (80ms)
			RebuildTransferFunctionScriptingTraits (0ms)
			SetupTypeCache (275ms)
			ReleaseScriptCaches (1ms)
			RebuildScriptCaches (43ms)
			SetupLoadedEditorAssemblies (284ms)
				LogAssemblyErrors (0ms)
				InitializePlatformSupportModulesInManaged (5ms)
				SetLoadedEditorAssemblies (0ms)
				RefreshPlugins (0ms)
				BeforeProcessingInitializeOnLoad (76ms)
				ProcessInitializeOnLoadAttributes (191ms)
				ProcessInitializeOnLoadMethodAttributes (6ms)
				AfterProcessingInitializeOnLoad (6ms)
				EditorAssembliesLoaded (0ms)
			ExecutionOrderSort2 (0ms)
			AwakeInstancesAfterBackupRestoration (10ms)
Platform modules already initialized, skipping
Refreshing native plugins compatible for Editor in 0.41 ms, found 3 plugins.
Preloading 0 native plugins for Editor in 0.00 ms.
Unloading 2110 Unused Serialized files (Serialized files now loaded: 0)
System memory in use before: 97.0 MB.
System memory in use after: 97.2 MB.

Unloading 14 unused Assets to reduce memory usage. Loaded Objects now: 2645.
Total: 3.386600 ms (FindLiveObjects: 0.211200 ms CreateObjectMapping: 0.082500 ms MarkObjects: 3.075300 ms  DeleteObjects: 0.016700 ms)

AssetImportParameters requested are different than current active one (requested -> active):
  custom:framework-win-MediaFoundation: 216162199b28c13a410421893ffa2e32 -> 
  custom:video-decoder-ogg-theora: a1e56fd34408186e4bbccfd4996cb3dc -> 
  custom:container-muxer-webm: aa71ff27fc2769a1b78a27578f13a17b -> 
  custom:container-demuxer-webm: 4f35f7cbe854078d1ac9338744f61a02 -> 
  custom:container-demuxer-ogg: 62fdf1f143b41e24485cea50d1cbac27 -> 
  custom:video-encoder-webm-vp8: eb34c28f22e8b96e1ab97ce403110664 -> 
  custom:video-decoder-webm-vp8: 9c59270c3fd7afecdb556c50c9e8de78 -> 
  custom:audio-decoder-ogg-vorbis: bf7c407c2cedff20999df2af8eb42d56 -> 
  custom:audio-encoder-webm-vorbis: bf7c407c2cedff20999df2af8eb42d56 -> 
========================================================================
Received Prepare
Registering precompiled user dll's ...
Registered in 0.003554 seconds.
Begin MonoManager ReloadAssembly
Native extension for WindowsStandalone target not found
Refreshing native plugins compatible for Editor in 0.45 ms, found 3 plugins.
Preloading 0 native plugins for Editor in 0.00 ms.
Mono: successfully reloaded assembly
- Completed reload, in  1.005 seconds
Domain Reload Profiling:
	ReloadAssembly (1005ms)
		BeginReloadAssembly (111ms)
			ExecutionOrderSort (0ms)
			DisableScriptedObjects (16ms)
			BackupInstance (0ms)
			ReleaseScriptingObjects (0ms)
			CreateAndSetChildDomain (33ms)
		EndReloadAssembly (829ms)
			LoadAssemblies (80ms)
			RebuildTransferFunctionScriptingTraits (0ms)
			SetupTypeCache (290ms)
			ReleaseScriptCaches (1ms)
			RebuildScriptCaches (48ms)
			SetupLoadedEditorAssemblies (298ms)
				LogAssemblyErrors (0ms)
				InitializePlatformSupportModulesInManaged (5ms)
				SetLoadedEditorAssemblies (0ms)
				RefreshPlugins (1ms)
				BeforeProcessingInitializeOnLoad (76ms)
				ProcessInitializeOnLoadAttributes (204ms)
				ProcessInitializeOnLoadMethodAttributes (7ms)
				AfterProcessingInitializeOnLoad (5ms)
				EditorAssembliesLoaded (0ms)
			ExecutionOrderSort2 (0ms)
			AwakeInstancesAfterBackupRestoration (10ms)
Platform modules already initialized, skipping
Refreshing native plugins compatible for Editor in 0.41 ms, found 3 plugins.
Preloading 0 native plugins for Editor in 0.00 ms.
Unloading 2110 Unused Serialized files (Serialized files now loaded: 0)
System memory in use before: 97.1 MB.
System memory in use after: 97.2 MB.

Unloading 14 unused Assets to reduce memory usage. Loaded Objects now: 2648.
Total: 3.391400 ms (FindLiveObjects: 0.203900 ms CreateObjectMapping: 0.069400 ms MarkObjects: 3.098400 ms  DeleteObjects: 0.018700 ms)

AssetImportParameters requested are different than current active one (requested -> active):
  custom:framework-win-MediaFoundation: 216162199b28c13a410421893ffa2e32 -> 
  custom:video-decoder-ogg-theora: a1e56fd34408186e4bbccfd4996cb3dc -> 
  custom:container-muxer-webm: aa71ff27fc2769a1b78a27578f13a17b -> 
  custom:container-demuxer-webm: 4f35f7cbe854078d1ac9338744f61a02 -> 
  custom:container-demuxer-ogg: 62fdf1f143b41e24485cea50d1cbac27 -> 
  custom:video-encoder-webm-vp8: eb34c28f22e8b96e1ab97ce403110664 -> 
  custom:video-decoder-webm-vp8: 9c59270c3fd7afecdb556c50c9e8de78 -> 
  custom:audio-decoder-ogg-vorbis: bf7c407c2cedff20999df2af8eb42d56 -> 
  custom:audio-encoder-webm-vorbis: bf7c407c2cedff20999df2af8eb42d56 -> 
